I, [2015-04-11T22:15:49.145898 #6728]  INFO -- : GGGGGGGGGGGGGGGGGGGGGGGGGGGG
I, [2015-04-11T22:15:49.146898 #6728]  INFO -- : 3
I, [2015-04-11T22:15:49.146898 #6728]  INFO -- : 15
I, [2015-04-11T22:15:49.162898 #6728]  INFO -- : I am exiting
I, [2015-04-18T22:05:18.066140 #6436]  INFO -- : ZZZZZZZZZZZZZZZZZZZZZZZZZZZZZZZZZZZZZ
I, [2015-04-18T22:05:18.079140 #6436]  INFO -- : 8
I, [2015-04-18T22:05:18.079140 #6436]  INFO -- : nil
I, [2015-04-18T22:05:18.079140 #6436]  INFO -- : nil
I, [2015-04-18T22:06:42.032942 #6436]  INFO -- : ZZZZZZZZZZZZZZZZZZZZZZZZZZZZZZZZZZZZZ
I, [2015-04-18T22:06:42.032942 #6436]  INFO -- : 8
I, [2015-04-18T22:06:42.032942 #6436]  INFO -- : Best Cat
I, [2015-04-18T22:06:42.032942 #6436]  INFO -- : nil
I, [2015-04-18T22:07:43.928482 #6436]  INFO -- : ZZZZZZZZZZZZZZZZZZZZZZZZZZZZZZZZZZZZZ
I, [2015-04-18T22:07:43.928482 #6436]  INFO -- : 8
I, [2015-04-18T22:07:43.928482 #6436]  INFO -- : Best Cat
I, [2015-04-18T22:07:43.928482 #6436]  INFO -- : your cat is cute
I, [2015-04-18T22:08:48.289164 #6436]  INFO -- : ZZZZZZZZZZZZZZZZZZZZZZZZZZZZZZZZZZZZZ
I, [2015-04-18T22:08:48.290164 #6436]  INFO -- : 8
I, [2015-04-18T22:08:48.290164 #6436]  INFO -- : Best Cat
I, [2015-04-18T22:08:48.290164 #6436]  INFO -- : your cat is cute
I, [2015-04-18T22:08:48.290164 #6436]  INFO -- : nil
I, [2015-04-18T22:08:48.290164 #6436]  INFO -- : image/upload/v1429384124/ca7pviddkngyivwbjymc.jpg#063c4ddf96f8a028b48c95b2f4bde9b05affd829
