I, [2015-05-03T16:54:44.067829 #3428]  INFO -- : Attention !!!
I, [2015-05-03T16:54:44.068829 #3428]  INFO -- : I am before saving !!!
I, [2015-05-03T16:55:39.331990 #3428]  INFO -- : Attention !!!
I, [2015-05-03T16:55:39.332990 #3428]  INFO -- : I am before saving !!!
I, [2015-05-03T16:55:39.468998 #3428]  INFO -- : I am saving !!!
I, [2015-05-03T16:55:39.494999 #3428]  INFO -- : I am saving !!!
I, [2015-05-03T16:55:39.522001 #3428]  INFO -- : I am saving !!!
I, [2015-05-03T16:55:39.550002 #3428]  INFO -- : I am saving !!!
I, [2015-05-03T16:55:39.583004 #3428]  INFO -- : I am saving !!!
I, [2015-05-03T16:55:39.583004 #3428]  INFO -- : inside jssss
I, [2015-05-03T17:00:29.248572 #3428]  INFO -- : Attention !!!
I, [2015-05-03T17:00:29.249572 #3428]  INFO -- : I am before saving !!!
I, [2015-05-03T17:00:29.508587 #3428]  INFO -- : I am saving !!!
I, [2015-05-03T17:00:29.545589 #3428]  INFO -- : I am saving !!!
I, [2015-05-03T17:00:29.595592 #3428]  INFO -- : I am saving !!!
I, [2015-05-03T17:00:29.632594 #3428]  INFO -- : I am saving !!!
I, [2015-05-03T17:00:29.661596 #3428]  INFO -- : I am saving !!!
I, [2015-05-03T17:00:29.662596 #3428]  INFO -- : inside jssss
I, [2015-05-03T17:15:15.852283 #3428]  INFO -- : Attention !!!
I, [2015-05-03T17:17:38.290430 #3428]  INFO -- : Attention !!!
I, [2015-05-03T17:17:38.291430 #3428]  INFO -- : fuck
I, [2015-05-03T17:17:38.291430 #3428]  INFO -- : I am before saving !!!
I, [2015-05-03T17:17:51.807203 #3428]  INFO -- : Attention !!!
I, [2015-05-03T17:17:51.808203 #3428]  INFO -- : fuck
I, [2015-05-03T17:17:51.808203 #3428]  INFO -- : I am before saving !!!
I, [2015-05-03T17:20:19.577655 #3428]  INFO -- : Attention !!!
I, [2015-05-03T17:20:19.577655 #3428]  INFO -- : I am before saving !!!
I, [2015-05-03T17:20:19.765666 #3428]  INFO -- : I am saving !!!
I, [2015-05-03T17:20:19.833670 #3428]  INFO -- : I am saving !!!
I, [2015-05-03T17:20:19.870672 #3428]  INFO -- : I am saving !!!
I, [2015-05-03T17:20:19.942676 #3428]  INFO -- : I am saving !!!
I, [2015-05-03T17:20:19.998679 #3428]  INFO -- : I am saving !!!
I, [2015-05-03T17:20:19.998679 #3428]  INFO -- : inside jssss
I, [2015-05-03T17:21:20.189122 #3428]  INFO -- : Attention !!!
I, [2015-05-03T17:21:20.190122 #3428]  INFO -- : I am before saving !!!
I, [2015-05-03T17:21:20.377133 #3428]  INFO -- : I am saving !!!
I, [2015-05-03T17:21:20.419135 #3428]  INFO -- : I am saving !!!
I, [2015-05-03T17:21:20.457137 #3428]  INFO -- : I am saving !!!
I, [2015-05-03T17:21:20.496139 #3428]  INFO -- : I am saving !!!
I, [2015-05-03T17:21:20.535142 #3428]  INFO -- : I am saving !!!
I, [2015-05-03T17:21:20.535142 #3428]  INFO -- : inside jssss
I, [2015-05-03T17:29:24.276810 #3428]  INFO -- : Attention !!!
I, [2015-05-04T12:18:33.857869 #3428]  INFO -- : Attention !!!
I, [2015-05-04T12:18:35.940988 #3428]  INFO -- : Attention !!!
I, [2015-05-04T12:19:45.244952 #3428]  INFO -- : Attention !!!
I, [2015-05-04T12:21:18.422282 #3428]  INFO -- : Attention !!!
I, [2015-05-04T12:22:42.724104 #3428]  INFO -- : Attention !!!
I, [2015-05-04T12:24:21.984781 #3428]  INFO -- : Attention !!!
I, [2015-05-04T12:26:49.476217 #3428]  INFO -- : Attention !!!
I, [2015-05-04T12:27:12.759549 #3428]  INFO -- : Attention !!!
I, [2015-05-04T12:27:34.088769 #3428]  INFO -- : Attention !!!
I, [2015-05-04T12:27:49.680660 #3428]  INFO -- : Attention !!!
I, [2015-05-04T12:28:19.413361 #3428]  INFO -- : Attention !!!
